{"numTotalTestSuites":2,"numPassedTestSuites":2,"numFailedTestSuites":0,"numPendingTestSuites":0,"numTotalTests":1,"numPassedTests":1,"numFailedTests":0,"numPendingTests":0,"numTodoTests":0,"startTime":1777534116815,"success":true,"testResults":[{"assertionResults":[{"ancestorTitles":["","App"],"fullName":" App renders ShopSmart title","status":"passed","title":"renders ShopSmart title","duration":18,"failureMessages":[]}],"startTime":1777534117515,"endTime":1777534117533,"status":"passed","message":"","name":"/Users/abhinaysiraparapu/Library/Mobile Documents/com~apple~CloudDocs/Projects/shopsmart/client/src/App.test.jsx"}]}