{"numFailedTestSuites":0,"numFailedTests":0,"numPassedTestSuites":2,"numPassedTests":8,"numPendingTestSuites":0,"numPendingTests":0,"numRuntimeErrorTestSuites":0,"numTodoTests":0,"numTotalTestSuites":2,"numTotalTests":8,"openHandles":[],"snapshot":{"added":0,"didUpdate":false,"failure":false,"filesAdded":0,"filesRemoved":0,"filesRemovedList":[],"filesUnmatched":0,"filesUpdated":0,"matched":0,"total":0,"unchecked":0,"uncheckedKeysByFile":[],"unmatched":0,"updated":0},"startTime":1777534066524,"success":true,"testResults":[{"assertionResults":[{"ancestorTitles":["User Model Unit Tests"],"duration":4,"failureDetails":[],"failureMessages":[],"fullName":"User Model Unit Tests should throw a validation error if required fields are missing","invocations":1,"location":null,"numPassingAsserts":3,"retryReasons":[],"status":"passed","title":"should throw a validation error if required fields are missing"},{"ancestorTitles":["User Model Unit Tests"],"duration":1,"failureDetails":[],"failureMessages":[],"fullName":"User Model Unit Tests should create a valid user instance when all fields are provided","invocations":1,"location":null,"numPassingAsserts":3,"retryReasons":[],"status":"passed","title":"should create a valid user instance when all fields are provided"}],"endTime":1777534067041,"message":"","name":"/Users/abhinaysiraparapu/Library/Mobile Documents/com~apple~CloudDocs/Projects/shopsmart/server/tests/user.test.js","startTime":1777534066618,"status":"passed","summary":""},{"assertionResults":[{"ancestorTitles":["Auth integration tests"],"duration":62,"failureDetails":[],"failureMessages":[],"fullName":"Auth integration tests should signup successfully with 201","invocations":1,"location":null,"numPassingAsserts":4,"retryReasons":[],"status":"passed","title":"should signup successfully with 201"},{"ancestorTitles":["Auth integration tests"],"duration":2,"failureDetails":[],"failureMessages":[],"fullName":"Auth integration tests should fail duplicate signup","invocations":1,"location":null,"numPassingAsserts":2,"retryReasons":[],"status":"passed","title":"should fail duplicate signup"},{"ancestorTitles":["Auth integration tests"],"duration":58,"failureDetails":[],"failureMessages":[],"fullName":"Auth integration tests should login successfully and return token","invocations":1,"location":null,"numPassingAsserts":3,"retryReasons":[],"status":"passed","title":"should login successfully and return token"},{"ancestorTitles":["Auth integration tests"],"duration":57,"failureDetails":[],"failureMessages":[],"fullName":"Auth integration tests should fail login with wrong password","invocations":1,"location":null,"numPassingAsserts":2,"retryReasons":[],"status":"passed","title":"should fail login with wrong password"},{"ancestorTitles":["Auth integration tests"],"duration":3,"failureDetails":[],"failureMessages":[],"fullName":"Auth integration tests should access /me with valid token","invocations":1,"location":null,"numPassingAsserts":4,"retryReasons":[],"status":"passed","title":"should access /me with valid token"},{"ancestorTitles":["Auth integration tests"],"duration":1,"failureDetails":[],"failureMessages":[],"fullName":"Auth integration tests should return unauthorized for /me without token","invocations":1,"location":null,"numPassingAsserts":2,"retryReasons":[],"status":"passed","title":"should return unauthorized for /me without token"}],"endTime":1777534067854,"message":"","name":"/Users/abhinaysiraparapu/Library/Mobile Documents/com~apple~CloudDocs/Projects/shopsmart/server/tests/app.test.js","startTime":1777534066618,"status":"passed","summary":""}],"wasInterrupted":false}
